Thu Apr 17 06:33:56 UTC 2025
Thu Apr 17 13:18:20 UTC 2025
Fri Apr 18 13:14:54 UTC 2025
Sat Apr 19 13:02:12 UTC 2025
Sun Apr 20 13:05:05 UTC 2025
Mon Apr 21 13:16:53 UTC 2025
Tue Apr 22 13:19:41 UTC 2025
Wed Apr 23 13:35:08 UTC 2025
Thu Apr 24 13:36:00 UTC 2025
Fri Apr 25 13:18:37 UTC 2025
Sat Apr 26 13:03:32 UTC 2025
Sun Apr 27 13:04:05 UTC 2025
Mon Apr 28 13:49:54 UTC 2025
Tue Apr 29 13:44:07 UTC 2025
Wed Apr 30 13:18:59 UTC 2025
Thu May  1 13:17:20 UTC 2025
Fri May  2 13:18:24 UTC 2025
Sat May  3 13:04:53 UTC 2025
Sun May  4 13:13:30 UTC 2025
Mon May  5 13:35:27 UTC 2025
Tue May  6 13:38:30 UTC 2025
Wed May  7 13:41:29 UTC 2025
Thu May  8 13:34:46 UTC 2025
Fri May  9 13:34:34 UTC 2025
Sat May 10 13:05:00 UTC 2025
Sun May 11 13:05:25 UTC 2025
Mon May 12 13:40:08 UTC 2025
Tue May 13 13:42:06 UTC 2025
Wed May 14 13:37:27 UTC 2025
Thu May 15 13:36:43 UTC 2025
Fri May 16 13:36:30 UTC 2025
Sat May 17 13:13:30 UTC 2025
Sun May 18 12:18:43 UTC 2025
Mon May 19 12:21:41 UTC 2025
Tue May 20 12:21:40 UTC 2025
Wed May 21 12:21:03 UTC 2025
Thu May 22 12:21:45 UTC 2025
Fri May 23 12:20:38 UTC 2025
Sat May 24 12:18:11 UTC 2025
Sun May 25 12:18:47 UTC 2025
Mon May 26 12:20:34 UTC 2025
